mode: set
/Users/victorli/Desktop/CS161/161 Project 2.5/best/proj2.go:19.26,22.2 0 0
/Users/victorli/Desktop/CS161/161 Project 2.5/best/proj2.go:68.82,70.16 2 1
/Users/victorli/Desktop/CS161/161 Project 2.5/best/proj2.go:73.2,74.16 2 1
/Users/victorli/Desktop/CS161/161 Project 2.5/best/proj2.go:77.2,78.17 2 1
/Users/victorli/Desktop/CS161/161 Project 2.5/best/proj2.go:81.2,81.31 1 1
/Users/victorli/Desktop/CS161/161 Project 2.5/best/proj2.go:85.2,92.14 7 1
/Users/victorli/Desktop/CS161/161 Project 2.5/best/proj2.go:95.2,96.34 2 1
/Users/victorli/Desktop/CS161/161 Project 2.5/best/proj2.go:111.2,114.16 4 1
/Users/victorli/Desktop/CS161/161 Project 2.5/best/proj2.go:117.2,117.36 1 1
/Users/victorli/Desktop/CS161/161 Project 2.5/best/proj2.go:70.16,72.3 1 0
/Users/victorli/Desktop/CS161/161 Project 2.5/best/proj2.go:74.16,76.3 1 0
/Users/victorli/Desktop/CS161/161 Project 2.5/best/proj2.go:78.17,80.3 1 1
/Users/victorli/Desktop/CS161/161 Project 2.5/best/proj2.go:81.31,83.3 1 1
/Users/victorli/Desktop/CS161/161 Project 2.5/best/proj2.go:92.14,94.4 1 0
/Users/victorli/Desktop/CS161/161 Project 2.5/best/proj2.go:96.34,98.15 2 1
/Users/victorli/Desktop/CS161/161 Project 2.5/best/proj2.go:101.3,102.52 2 1
/Users/victorli/Desktop/CS161/161 Project 2.5/best/proj2.go:98.15,100.5 1 0
/Users/victorli/Desktop/CS161/161 Project 2.5/best/proj2.go:102.52,104.4 1 0
/Users/victorli/Desktop/CS161/161 Project 2.5/best/proj2.go:105.8,106.24 1 1
/Users/victorli/Desktop/CS161/161 Project 2.5/best/proj2.go:106.24,108.4 1 0
/Users/victorli/Desktop/CS161/161 Project 2.5/best/proj2.go:114.16,116.4 1 0
/Users/victorli/Desktop/CS161/161 Project 2.5/best/proj2.go:120.40,122.15 2 1
/Users/victorli/Desktop/CS161/161 Project 2.5/best/proj2.go:125.3,125.37 1 1
/Users/victorli/Desktop/CS161/161 Project 2.5/best/proj2.go:151.3,151.13 1 1
/Users/victorli/Desktop/CS161/161 Project 2.5/best/proj2.go:122.15,124.4 1 1
/Users/victorli/Desktop/CS161/161 Project 2.5/best/proj2.go:125.37,127.52 2 1
/Users/victorli/Desktop/CS161/161 Project 2.5/best/proj2.go:130.4,130.44 1 1
/Users/victorli/Desktop/CS161/161 Project 2.5/best/proj2.go:142.4,143.32 2 1
/Users/victorli/Desktop/CS161/161 Project 2.5/best/proj2.go:146.4,147.16 2 1
/Users/victorli/Desktop/CS161/161 Project 2.5/best/proj2.go:127.52,129.6 1 1
/Users/victorli/Desktop/CS161/161 Project 2.5/best/proj2.go:130.44,132.18 2 1
/Users/victorli/Desktop/CS161/161 Project 2.5/best/proj2.go:135.5,136.17 2 1
/Users/victorli/Desktop/CS161/161 Project 2.5/best/proj2.go:139.5,140.58 2 1
/Users/victorli/Desktop/CS161/161 Project 2.5/best/proj2.go:132.18,134.8 1 0
/Users/victorli/Desktop/CS161/161 Project 2.5/best/proj2.go:136.17,138.7 1 0
/Users/victorli/Desktop/CS161/161 Project 2.5/best/proj2.go:143.32,145.5 1 0
/Users/victorli/Desktop/CS161/161 Project 2.5/best/proj2.go:147.16,149.5 1 0
/Users/victorli/Desktop/CS161/161 Project 2.5/best/proj2.go:153.50,157.2 3 1
/Users/victorli/Desktop/CS161/161 Project 2.5/best/proj2.go:158.71,160.14 2 1
/Users/victorli/Desktop/CS161/161 Project 2.5/best/proj2.go:163.2,164.14 2 1
/Users/victorli/Desktop/CS161/161 Project 2.5/best/proj2.go:167.2,169.14 3 1
/Users/victorli/Desktop/CS161/161 Project 2.5/best/proj2.go:172.2,176.14 4 1
/Users/victorli/Desktop/CS161/161 Project 2.5/best/proj2.go:180.2,181.14 2 1
/Users/victorli/Desktop/CS161/161 Project 2.5/best/proj2.go:184.2,186.12 3 1
/Users/victorli/Desktop/CS161/161 Project 2.5/best/proj2.go:160.14,162.3 1 0
/Users/victorli/Desktop/CS161/161 Project 2.5/best/proj2.go:164.14,166.3 1 0
/Users/victorli/Desktop/CS161/161 Project 2.5/best/proj2.go:169.14,171.3 1 0
/Users/victorli/Desktop/CS161/161 Project 2.5/best/proj2.go:176.14,178.3 1 0
/Users/victorli/Desktop/CS161/161 Project 2.5/best/proj2.go:181.14,183.3 1 0
/Users/victorli/Desktop/CS161/161 Project 2.5/best/proj2.go:188.72,191.14 3 1
/Users/victorli/Desktop/CS161/161 Project 2.5/best/proj2.go:194.2,195.17 2 1
/Users/victorli/Desktop/CS161/161 Project 2.5/best/proj2.go:198.2,198.24 1 1
/Users/victorli/Desktop/CS161/161 Project 2.5/best/proj2.go:191.14,193.3 1 0
/Users/victorli/Desktop/CS161/161 Project 2.5/best/proj2.go:195.17,197.3 1 0
/Users/victorli/Desktop/CS161/161 Project 2.5/best/proj2.go:221.80,228.16 5 1
/Users/victorli/Desktop/CS161/161 Project 2.5/best/proj2.go:233.2,239.14 7 1
/Users/victorli/Desktop/CS161/161 Project 2.5/best/proj2.go:242.2,243.14 2 1
/Users/victorli/Desktop/CS161/161 Project 2.5/best/proj2.go:246.2,251.14 6 1
/Users/victorli/Desktop/CS161/161 Project 2.5/best/proj2.go:254.3,259.14 4 1
/Users/victorli/Desktop/CS161/161 Project 2.5/best/proj2.go:262.2,264.14 3 1
/Users/victorli/Desktop/CS161/161 Project 2.5/best/proj2.go:267.2,271.14 3 1
/Users/victorli/Desktop/CS161/161 Project 2.5/best/proj2.go:274.2,287.14 10 1
/Users/victorli/Desktop/CS161/161 Project 2.5/best/proj2.go:292.2,293.14 2 1
/Users/victorli/Desktop/CS161/161 Project 2.5/best/proj2.go:298.2,300.14 3 1
/Users/victorli/Desktop/CS161/161 Project 2.5/best/proj2.go:303.2,305.25 3 1
/Users/victorli/Desktop/CS161/161 Project 2.5/best/proj2.go:228.16,230.3 1 1
/Users/victorli/Desktop/CS161/161 Project 2.5/best/proj2.go:239.14,241.3 1 0
/Users/victorli/Desktop/CS161/161 Project 2.5/best/proj2.go:243.14,245.3 1 0
/Users/victorli/Desktop/CS161/161 Project 2.5/best/proj2.go:251.14,253.3 1 0
/Users/victorli/Desktop/CS161/161 Project 2.5/best/proj2.go:259.14,261.3 1 0
/Users/victorli/Desktop/CS161/161 Project 2.5/best/proj2.go:264.14,266.3 1 0
/Users/victorli/Desktop/CS161/161 Project 2.5/best/proj2.go:271.14,273.3 1 0
/Users/victorli/Desktop/CS161/161 Project 2.5/best/proj2.go:287.14,289.3 1 0
/Users/victorli/Desktop/CS161/161 Project 2.5/best/proj2.go:293.14,295.3 1 0
/Users/victorli/Desktop/CS161/161 Project 2.5/best/proj2.go:300.14,302.3 1 0
/Users/victorli/Desktop/CS161/161 Project 2.5/best/proj2.go:313.79,320.31 5 1
/Users/victorli/Desktop/CS161/161 Project 2.5/best/proj2.go:323.2,323.17 1 1
/Users/victorli/Desktop/CS161/161 Project 2.5/best/proj2.go:326.2,329.14 4 1
/Users/victorli/Desktop/CS161/161 Project 2.5/best/proj2.go:332.2,332.55 1 1
/Users/victorli/Desktop/CS161/161 Project 2.5/best/proj2.go:337.2,345.14 7 1
/Users/victorli/Desktop/CS161/161 Project 2.5/best/proj2.go:348.2,349.34 2 1
/Users/victorli/Desktop/CS161/161 Project 2.5/best/proj2.go:365.2,370.25 5 1
/Users/victorli/Desktop/CS161/161 Project 2.5/best/proj2.go:320.31,322.3 1 1
/Users/victorli/Desktop/CS161/161 Project 2.5/best/proj2.go:323.17,325.3 1 0
/Users/victorli/Desktop/CS161/161 Project 2.5/best/proj2.go:329.14,331.3 1 0
/Users/victorli/Desktop/CS161/161 Project 2.5/best/proj2.go:332.55,334.3 1 1
/Users/victorli/Desktop/CS161/161 Project 2.5/best/proj2.go:345.14,347.4 1 0
/Users/victorli/Desktop/CS161/161 Project 2.5/best/proj2.go:349.34,351.15 2 0
/Users/victorli/Desktop/CS161/161 Project 2.5/best/proj2.go:354.3,355.52 2 0
/Users/victorli/Desktop/CS161/161 Project 2.5/best/proj2.go:351.15,353.5 1 0
/Users/victorli/Desktop/CS161/161 Project 2.5/best/proj2.go:355.52,357.4 1 0
/Users/victorli/Desktop/CS161/161 Project 2.5/best/proj2.go:358.8,359.24 1 1
/Users/victorli/Desktop/CS161/161 Project 2.5/best/proj2.go:359.24,361.4 1 0
/Users/victorli/Desktop/CS161/161 Project 2.5/best/proj2.go:378.63,381.15 2 1
/Users/victorli/Desktop/CS161/161 Project 2.5/best/proj2.go:385.3,386.15 2 1
/Users/victorli/Desktop/CS161/161 Project 2.5/best/proj2.go:390.3,391.20 2 1
/Users/victorli/Desktop/CS161/161 Project 2.5/best/proj2.go:433.3,442.31 8 1
/Users/victorli/Desktop/CS161/161 Project 2.5/best/proj2.go:445.3,446.15 2 1
/Users/victorli/Desktop/CS161/161 Project 2.5/best/proj2.go:451.3,468.9 13 1
/Users/victorli/Desktop/CS161/161 Project 2.5/best/proj2.go:381.15,384.4 2 0
/Users/victorli/Desktop/CS161/161 Project 2.5/best/proj2.go:386.15,389.4 2 0
/Users/victorli/Desktop/CS161/161 Project 2.5/best/proj2.go:391.20,395.19 3 1
/Users/victorli/Desktop/CS161/161 Project 2.5/best/proj2.go:398.4,398.31 1 1
/Users/victorli/Desktop/CS161/161 Project 2.5/best/proj2.go:402.4,403.25 2 1
/Users/victorli/Desktop/CS161/161 Project 2.5/best/proj2.go:407.4,411.16 5 1
/Users/victorli/Desktop/CS161/161 Project 2.5/best/proj2.go:415.4,429.10 11 1
/Users/victorli/Desktop/CS161/161 Project 2.5/best/proj2.go:395.19,397.5 1 1
/Users/victorli/Desktop/CS161/161 Project 2.5/best/proj2.go:398.31,400.5 1 0
/Users/victorli/Desktop/CS161/161 Project 2.5/best/proj2.go:403.25,405.5 1 0
/Users/victorli/Desktop/CS161/161 Project 2.5/best/proj2.go:411.16,413.5 1 0
/Users/victorli/Desktop/CS161/161 Project 2.5/best/proj2.go:442.31,444.4 1 0
/Users/victorli/Desktop/CS161/161 Project 2.5/best/proj2.go:446.15,448.4 1 0
/Users/victorli/Desktop/CS161/161 Project 2.5/best/proj2.go:479.76,482.14 2 1
/Users/victorli/Desktop/CS161/161 Project 2.5/best/proj2.go:485.2,486.14 2 1
/Users/victorli/Desktop/CS161/161 Project 2.5/best/proj2.go:490.2,496.17 4 1
/Users/victorli/Desktop/CS161/161 Project 2.5/best/proj2.go:499.2,499.29 1 1
/Users/victorli/Desktop/CS161/161 Project 2.5/best/proj2.go:502.2,503.23 2 1
/Users/victorli/Desktop/CS161/161 Project 2.5/best/proj2.go:508.2,513.14 6 1
/Users/victorli/Desktop/CS161/161 Project 2.5/best/proj2.go:516.2,532.12 12 1
/Users/victorli/Desktop/CS161/161 Project 2.5/best/proj2.go:482.14,484.3 1 1
/Users/victorli/Desktop/CS161/161 Project 2.5/best/proj2.go:486.14,488.3 1 0
/Users/victorli/Desktop/CS161/161 Project 2.5/best/proj2.go:496.17,498.3 1 1
/Users/victorli/Desktop/CS161/161 Project 2.5/best/proj2.go:499.29,501.3 1 0
/Users/victorli/Desktop/CS161/161 Project 2.5/best/proj2.go:503.23,505.3 1 0
/Users/victorli/Desktop/CS161/161 Project 2.5/best/proj2.go:513.14,515.3 1 0
/Users/victorli/Desktop/CS161/161 Project 2.5/best/proj2.go:537.74,540.14 2 1
/Users/victorli/Desktop/CS161/161 Project 2.5/best/proj2.go:543.2,544.14 2 1
/Users/victorli/Desktop/CS161/161 Project 2.5/best/proj2.go:547.3,552.17 4 1
/Users/victorli/Desktop/CS161/161 Project 2.5/best/proj2.go:555.2,555.29 1 1
/Users/victorli/Desktop/CS161/161 Project 2.5/best/proj2.go:558.3,559.23 2 1
/Users/victorli/Desktop/CS161/161 Project 2.5/best/proj2.go:564.2,568.14 5 1
/Users/victorli/Desktop/CS161/161 Project 2.5/best/proj2.go:572.2,573.50 2 1
/Users/victorli/Desktop/CS161/161 Project 2.5/best/proj2.go:580.2,580.19 1 1
/Users/victorli/Desktop/CS161/161 Project 2.5/best/proj2.go:540.14,542.3 1 1
/Users/victorli/Desktop/CS161/161 Project 2.5/best/proj2.go:544.14,546.3 1 0
/Users/victorli/Desktop/CS161/161 Project 2.5/best/proj2.go:552.17,554.3 1 1
/Users/victorli/Desktop/CS161/161 Project 2.5/best/proj2.go:555.29,557.3 1 1
/Users/victorli/Desktop/CS161/161 Project 2.5/best/proj2.go:559.23,561.3 1 0
/Users/victorli/Desktop/CS161/161 Project 2.5/best/proj2.go:568.14,570.4 1 0
/Users/victorli/Desktop/CS161/161 Project 2.5/best/proj2.go:573.50,575.16 2 1
/Users/victorli/Desktop/CS161/161 Project 2.5/best/proj2.go:578.3,578.33 1 1
/Users/victorli/Desktop/CS161/161 Project 2.5/best/proj2.go:575.16,577.4 1 0
/Users/victorli/Desktop/CS161/161 Project 2.5/best/proj2.go:583.119,585.17 2 1
/Users/victorli/Desktop/CS161/161 Project 2.5/best/proj2.go:588.2,588.29 1 1
/Users/victorli/Desktop/CS161/161 Project 2.5/best/proj2.go:591.2,592.23 2 1
/Users/victorli/Desktop/CS161/161 Project 2.5/best/proj2.go:595.2,595.60 1 1
/Users/victorli/Desktop/CS161/161 Project 2.5/best/proj2.go:585.17,587.3 1 0
/Users/victorli/Desktop/CS161/161 Project 2.5/best/proj2.go:588.29,590.3 1 0
/Users/victorli/Desktop/CS161/161 Project 2.5/best/proj2.go:592.23,594.3 1 0
/Users/victorli/Desktop/CS161/161 Project 2.5/best/proj2.go:612.34,616.14 2 1
/Users/victorli/Desktop/CS161/161 Project 2.5/best/proj2.go:619.2,620.14 2 1
/Users/victorli/Desktop/CS161/161 Project 2.5/best/proj2.go:624.2,624.66 1 1
/Users/victorli/Desktop/CS161/161 Project 2.5/best/proj2.go:628.2,629.16 2 1
/Users/victorli/Desktop/CS161/161 Project 2.5/best/proj2.go:636.2,636.61 1 1
/Users/victorli/Desktop/CS161/161 Project 2.5/best/proj2.go:639.2,639.30 1 1
/Users/victorli/Desktop/CS161/161 Project 2.5/best/proj2.go:642.2,645.14 3 1
/Users/victorli/Desktop/CS161/161 Project 2.5/best/proj2.go:648.2,649.17 2 1
/Users/victorli/Desktop/CS161/161 Project 2.5/best/proj2.go:653.2,654.14 2 1
/Users/victorli/Desktop/CS161/161 Project 2.5/best/proj2.go:657.2,664.14 6 1
/Users/victorli/Desktop/CS161/161 Project 2.5/best/proj2.go:667.2,669.14 3 1
/Users/victorli/Desktop/CS161/161 Project 2.5/best/proj2.go:672.2,674.14 3 1
/Users/victorli/Desktop/CS161/161 Project 2.5/best/proj2.go:678.2,678.52 1 1
/Users/victorli/Desktop/CS161/161 Project 2.5/best/proj2.go:616.14,618.3 1 0
/Users/victorli/Desktop/CS161/161 Project 2.5/best/proj2.go:620.14,622.3 1 0
/Users/victorli/Desktop/CS161/161 Project 2.5/best/proj2.go:624.66,626.3 1 1
/Users/victorli/Desktop/CS161/161 Project 2.5/best/proj2.go:629.16,632.3 2 1
/Users/victorli/Desktop/CS161/161 Project 2.5/best/proj2.go:632.8,634.3 1 1
/Users/victorli/Desktop/CS161/161 Project 2.5/best/proj2.go:636.61,638.3 1 1
/Users/victorli/Desktop/CS161/161 Project 2.5/best/proj2.go:639.30,641.3 1 0
/Users/victorli/Desktop/CS161/161 Project 2.5/best/proj2.go:645.14,647.3 1 0
/Users/victorli/Desktop/CS161/161 Project 2.5/best/proj2.go:649.17,651.3 1 1
/Users/victorli/Desktop/CS161/161 Project 2.5/best/proj2.go:654.14,656.3 1 0
/Users/victorli/Desktop/CS161/161 Project 2.5/best/proj2.go:664.14,666.3 1 0
/Users/victorli/Desktop/CS161/161 Project 2.5/best/proj2.go:669.14,671.3 1 0
/Users/victorli/Desktop/CS161/161 Project 2.5/best/proj2.go:674.14,676.3 1 0
/Users/victorli/Desktop/CS161/161 Project 2.5/best/proj2.go:686.29,689.14 2 1
/Users/victorli/Desktop/CS161/161 Project 2.5/best/proj2.go:692.2,693.14 2 1
/Users/victorli/Desktop/CS161/161 Project 2.5/best/proj2.go:696.2,696.65 1 1
/Users/victorli/Desktop/CS161/161 Project 2.5/best/proj2.go:699.2,699.37 1 1
/Users/victorli/Desktop/CS161/161 Project 2.5/best/proj2.go:702.2,707.14 4 1
/Users/victorli/Desktop/CS161/161 Project 2.5/best/proj2.go:710.2,710.95 1 1
/Users/victorli/Desktop/CS161/161 Project 2.5/best/proj2.go:715.2,716.29 2 1
/Users/victorli/Desktop/CS161/161 Project 2.5/best/proj2.go:719.2,720.14 2 1
/Users/victorli/Desktop/CS161/161 Project 2.5/best/proj2.go:724.2,725.26 2 1
/Users/victorli/Desktop/CS161/161 Project 2.5/best/proj2.go:728.2,733.14 6 1
/Users/victorli/Desktop/CS161/161 Project 2.5/best/proj2.go:736.2,741.30 4 1
/Users/victorli/Desktop/CS161/161 Project 2.5/best/proj2.go:744.2,745.12 2 1
/Users/victorli/Desktop/CS161/161 Project 2.5/best/proj2.go:689.14,691.3 1 0
/Users/victorli/Desktop/CS161/161 Project 2.5/best/proj2.go:693.14,695.3 1 0
/Users/victorli/Desktop/CS161/161 Project 2.5/best/proj2.go:696.65,698.3 1 1
/Users/victorli/Desktop/CS161/161 Project 2.5/best/proj2.go:699.37,701.3 1 0
/Users/victorli/Desktop/CS161/161 Project 2.5/best/proj2.go:707.14,709.4 1 0
/Users/victorli/Desktop/CS161/161 Project 2.5/best/proj2.go:710.95,712.3 1 1
/Users/victorli/Desktop/CS161/161 Project 2.5/best/proj2.go:716.29,718.3 1 0
/Users/victorli/Desktop/CS161/161 Project 2.5/best/proj2.go:720.14,723.4 1 1
/Users/victorli/Desktop/CS161/161 Project 2.5/best/proj2.go:725.26,727.3 1 0
/Users/victorli/Desktop/CS161/161 Project 2.5/best/proj2.go:733.14,735.3 1 0
/Users/victorli/Desktop/CS161/161 Project 2.5/best/proj2.go:741.30,743.3 1 0
/Users/victorli/Desktop/CS161/161 Project 2.5/best/proj2.go:750.87,754.14 2 1
/Users/victorli/Desktop/CS161/161 Project 2.5/best/proj2.go:757.2,758.14 2 1
/Users/victorli/Desktop/CS161/161 Project 2.5/best/proj2.go:763.2,763.67 1 1
/Users/victorli/Desktop/CS161/161 Project 2.5/best/proj2.go:767.2,768.39 2 1
/Users/victorli/Desktop/CS161/161 Project 2.5/best/proj2.go:774.2,774.30 1 1
/Users/victorli/Desktop/CS161/161 Project 2.5/best/proj2.go:777.2,783.17 5 1
/Users/victorli/Desktop/CS161/161 Project 2.5/best/proj2.go:786.2,789.14 3 1
/Users/victorli/Desktop/CS161/161 Project 2.5/best/proj2.go:793.2,794.14 2 1
/Users/victorli/Desktop/CS161/161 Project 2.5/best/proj2.go:798.2,798.12 1 1
/Users/victorli/Desktop/CS161/161 Project 2.5/best/proj2.go:754.14,756.3 1 0
/Users/victorli/Desktop/CS161/161 Project 2.5/best/proj2.go:758.14,760.3 1 0
/Users/victorli/Desktop/CS161/161 Project 2.5/best/proj2.go:763.67,765.3 1 0
/Users/victorli/Desktop/CS161/161 Project 2.5/best/proj2.go:768.39,769.33 1 1
/Users/victorli/Desktop/CS161/161 Project 2.5/best/proj2.go:769.33,772.4 2 1
/Users/victorli/Desktop/CS161/161 Project 2.5/best/proj2.go:774.30,776.3 1 0
/Users/victorli/Desktop/CS161/161 Project 2.5/best/proj2.go:783.17,785.3 1 0
/Users/victorli/Desktop/CS161/161 Project 2.5/best/proj2.go:789.14,791.3 1 0
/Users/victorli/Desktop/CS161/161 Project 2.5/best/proj2.go:794.14,796.3 1 0
/Users/victorli/Desktop/CS161/161 Project 2.5/best/proj2.go:801.138,805.18 3 1
/Users/victorli/Desktop/CS161/161 Project 2.5/best/proj2.go:808.3,808.32 1 1
/Users/victorli/Desktop/CS161/161 Project 2.5/best/proj2.go:811.3,818.16 7 1
/Users/victorli/Desktop/CS161/161 Project 2.5/best/proj2.go:821.4,822.36 2 1
/Users/victorli/Desktop/CS161/161 Project 2.5/best/proj2.go:836.3,840.15 4 1
/Users/victorli/Desktop/CS161/161 Project 2.5/best/proj2.go:844.3,844.43 1 1
/Users/victorli/Desktop/CS161/161 Project 2.5/best/proj2.go:847.3,847.35 1 1
/Users/victorli/Desktop/CS161/161 Project 2.5/best/proj2.go:850.3,850.13 1 1
/Users/victorli/Desktop/CS161/161 Project 2.5/best/proj2.go:805.18,807.5 1 1
/Users/victorli/Desktop/CS161/161 Project 2.5/best/proj2.go:808.32,810.4 1 0
/Users/victorli/Desktop/CS161/161 Project 2.5/best/proj2.go:818.16,820.6 1 0
/Users/victorli/Desktop/CS161/161 Project 2.5/best/proj2.go:822.36,824.16 2 0
/Users/victorli/Desktop/CS161/161 Project 2.5/best/proj2.go:827.4,828.53 2 0
/Users/victorli/Desktop/CS161/161 Project 2.5/best/proj2.go:824.16,826.5 1 0
/Users/victorli/Desktop/CS161/161 Project 2.5/best/proj2.go:828.53,830.5 1 0
/Users/victorli/Desktop/CS161/161 Project 2.5/best/proj2.go:831.10,832.26 1 1
/Users/victorli/Desktop/CS161/161 Project 2.5/best/proj2.go:832.26,834.5 1 0
/Users/victorli/Desktop/CS161/161 Project 2.5/best/proj2.go:840.15,842.4 1 0
/Users/victorli/Desktop/CS161/161 Project 2.5/best/proj2.go:844.43,846.4 1 1
/Users/victorli/Desktop/CS161/161 Project 2.5/best/proj2.go:847.35,849.4 1 1
/Users/victorli/Desktop/CS161/161 Project 2.5/best/proj2.go:852.189,856.14 2 1
/Users/victorli/Desktop/CS161/161 Project 2.5/best/proj2.go:859.2,860.17 2 1
/Users/victorli/Desktop/CS161/161 Project 2.5/best/proj2.go:863.2,870.14 4 1
/Users/victorli/Desktop/CS161/161 Project 2.5/best/proj2.go:873.2,877.14 3 1
/Users/victorli/Desktop/CS161/161 Project 2.5/best/proj2.go:880.2,881.14 2 1
/Users/victorli/Desktop/CS161/161 Project 2.5/best/proj2.go:885.2,885.30 1 1
/Users/victorli/Desktop/CS161/161 Project 2.5/best/proj2.go:888.2,892.12 4 1
/Users/victorli/Desktop/CS161/161 Project 2.5/best/proj2.go:856.14,858.3 1 0
/Users/victorli/Desktop/CS161/161 Project 2.5/best/proj2.go:860.17,862.3 1 0
/Users/victorli/Desktop/CS161/161 Project 2.5/best/proj2.go:870.14,872.3 1 0
/Users/victorli/Desktop/CS161/161 Project 2.5/best/proj2.go:877.14,879.3 1 0
/Users/victorli/Desktop/CS161/161 Project 2.5/best/proj2.go:881.14,883.3 1 0
/Users/victorli/Desktop/CS161/161 Project 2.5/best/proj2.go:885.30,887.3 1 0
